{"/Users/dtelaroli/my/backend-test/api/src/__tests__/helpers/exec.js": {"path":"/Users/dtelaroli/my/backend-test/api/src/__tests__/helpers/exec.js","statementMap":{"0":{"start":{"line":1,"column":22},"end":{"line":1,"column":46}},"1":{"start":{"line":3,"column":21},"end":{"line":3,"column":32}},"2":{"start":{"line":4,"column":15},"end":{"line":4,"column":34}},"3":{"start":{"line":6,"column":13},"end":{"line":11,"column":1}},"4":{"start":{"line":7,"column":12},"end":{"line":7,"column":70}},"5":{"start":{"line":8,"column":2},"end":{"line":10,"column":3}},"6":{"start":{"line":9,"column":4},"end":{"line":9,"column":37}},"7":{"start":{"line":13,"column":0},"end":{"line":13,"column":22}}},"fnMap":{"0":{"name":"(anonymous_0)","decl":{"start":{"line":6,"column":13},"end":{"line":6,"column":14}},"loc":{"start":{"line":6,"column":28},"end":{"line":11,"column":1}},"line":6}},"branchMap":{"0":{"loc":{"start":{"line":8,"column":2},"end":{"line":10,"column":3}},"type":"if","locations":[{"start":{"line":8,"column":2},"end":{"line":10,"column":3}},{"start":{"line":8,"column":2},"end":{"line":10,"column":3}}],"line":8}},"s":{"0":5,"1":5,"2":5,"3":5,"4":52,"5":52,"6":0,"7":5},"f":{"0":52},"b":{"0":[0,52]},"_coverageSchema":"1a1c01bbd47fc00a2c39e90264f33305004495a9","hash":"19698d576ed6f7a91425067e86e66470069865ed"}
,"/Users/dtelaroli/my/backend-test/api/src/__tests__/helpers/gql-client.js": {"path":"/Users/dtelaroli/my/backend-test/api/src/__tests__/helpers/gql-client.js","statementMap":{"0":{"start":{"line":1,"column":25},"end":{"line":1,"column":49}},"1":{"start":{"line":2,"column":29},"end":{"line":2,"column":61}},"2":{"start":{"line":3,"column":15},"end":{"line":3,"column":38}},"3":{"start":{"line":5,"column":15},"end":{"line":5,"column":43}},"4":{"start":{"line":6,"column":18},"end":{"line":6,"column":42}},"5":{"start":{"line":8,"column":0},"end":{"line":8,"column":27}}},"fnMap":{},"branchMap":{},"s":{"0":5,"1":5,"2":5,"3":5,"4":5,"5":5},"f":{},"b":{},"_coverageSchema":"1a1c01bbd47fc00a2c39e90264f33305004495a9","hash":"1cb2209833e31f64a9b5711f3b410485cde09bef"}
,"/Users/dtelaroli/my/backend-test/api/src/__tests__/helpers/index.js": {"path":"/Users/dtelaroli/my/backend-test/api/src/__tests__/helpers/index.js","statementMap":{"0":{"start":{"line":1,"column":18},"end":{"line":1,"column":41}},"1":{"start":{"line":2,"column":16},"end":{"line":2,"column":36}},"2":{"start":{"line":3,"column":13},"end":{"line":3,"column":30}},"3":{"start":{"line":5,"column":0},"end":{"line":9,"column":2}}},"fnMap":{},"branchMap":{},"s":{"0":5,"1":5,"2":5,"3":5},"f":{},"b":{},"_coverageSchema":"1a1c01bbd47fc00a2c39e90264f33305004495a9","hash":"188d1a9252b720725a45b10becf7ea9867d79162"}
,"/Users/dtelaroli/my/backend-test/api/src/__tests__/helpers/migrate.js": {"path":"/Users/dtelaroli/my/backend-test/api/src/__tests__/helpers/migrate.js","statementMap":{"0":{"start":{"line":1,"column":13},"end":{"line":1,"column":30}},"1":{"start":{"line":2,"column":15},"end":{"line":2,"column":41}},"2":{"start":{"line":4,"column":16},"end":{"line":7,"column":1}},"3":{"start":{"line":5,"column":2},"end":{"line":5,"column":42}},"4":{"start":{"line":6,"column":2},"end":{"line":6,"column":47}},"5":{"start":{"line":9,"column":0},"end":{"line":9,"column":25}}},"fnMap":{"0":{"name":"(anonymous_0)","decl":{"start":{"line":4,"column":16},"end":{"line":4,"column":17}},"loc":{"start":{"line":4,"column":22},"end":{"line":7,"column":1}},"line":4}},"branchMap":{},"s":{"0":5,"1":5,"2":5,"3":5,"4":5,"5":5},"f":{"0":5},"b":{},"_coverageSchema":"1a1c01bbd47fc00a2c39e90264f33305004495a9","hash":"8b31647687d81fcdcd3796084de9adf4d92ceae6"}
,"/Users/dtelaroli/my/backend-test/api/src/__tests__/helpers/seed.js": {"path":"/Users/dtelaroli/my/backend-test/api/src/__tests__/helpers/seed.js","statementMap":{"0":{"start":{"line":1,"column":13},"end":{"line":1,"column":30}},"1":{"start":{"line":3,"column":13},"end":{"line":11,"column":1}},"2":{"start":{"line":4,"column":2},"end":{"line":4,"column":49}},"3":{"start":{"line":6,"column":2},"end":{"line":10,"column":3}},"4":{"start":{"line":7,"column":4},"end":{"line":7,"column":62}},"5":{"start":{"line":9,"column":4},"end":{"line":9,"column":50}},"6":{"start":{"line":13,"column":0},"end":{"line":13,"column":22}}},"fnMap":{"0":{"name":"(anonymous_0)","decl":{"start":{"line":3,"column":13},"end":{"line":3,"column":14}},"loc":{"start":{"line":3,"column":23},"end":{"line":11,"column":1}},"line":3}},"branchMap":{"0":{"loc":{"start":{"line":6,"column":2},"end":{"line":10,"column":3}},"type":"if","locations":[{"start":{"line":6,"column":2},"end":{"line":10,"column":3}},{"start":{"line":6,"column":2},"end":{"line":10,"column":3}}],"line":6}},"s":{"0":5,"1":5,"2":21,"3":21,"4":21,"5":0,"6":5},"f":{"0":21},"b":{"0":[21,0]},"_coverageSchema":"1a1c01bbd47fc00a2c39e90264f33305004495a9","hash":"b0fcb279f2c9106f17c0cc19410921a6eebbcb6f"}
,"/Users/dtelaroli/my/backend-test/api/src/__tests__/schema/graphql/index.js": {"path":"/Users/dtelaroli/my/backend-test/api/src/__tests__/schema/graphql/index.js","statementMap":{"0":{"start":{"line":1,"column":18},"end":{"line":1,"column":40}},"1":{"start":{"line":2,"column":16},"end":{"line":2,"column":36}},"2":{"start":{"line":4,"column":0},"end":{"line":4,"column":40}}},"fnMap":{},"branchMap":{},"s":{"0":4,"1":4,"2":4},"f":{},"b":{},"_coverageSchema":"1a1c01bbd47fc00a2c39e90264f33305004495a9","hash":"ac301abac8a2e04f54b0dce42751046c971a0a58"}
,"/Users/dtelaroli/my/backend-test/api/src/__tests__/schema/graphql/mutations.js": {"path":"/Users/dtelaroli/my/backend-test/api/src/__tests__/schema/graphql/mutations.js","statementMap":{"0":{"start":{"line":1,"column":16},"end":{"line":1,"column":45}},"1":{"start":{"line":3,"column":23},"end":{"line":11,"column":1}},"2":{"start":{"line":13,"column":23},"end":{"line":21,"column":1}},"3":{"start":{"line":23,"column":23},"end":{"line":29,"column":1}},"4":{"start":{"line":31,"column":19},"end":{"line":43,"column":1}},"5":{"start":{"line":45,"column":19},"end":{"line":57,"column":1}},"6":{"start":{"line":59,"column":19},"end":{"line":65,"column":1}},"7":{"start":{"line":67,"column":22},"end":{"line":87,"column":1}},"8":{"start":{"line":89,"column":25},"end":{"line":109,"column":1}},"9":{"start":{"line":111,"column":25},"end":{"line":131,"column":1}},"10":{"start":{"line":133,"column":0},"end":{"line":143,"column":2}}},"fnMap":{},"branchMap":{},"s":{"0":4,"1":4,"2":4,"3":4,"4":4,"5":4,"6":4,"7":4,"8":4,"9":4,"10":4},"f":{},"b":{},"_coverageSchema":"1a1c01bbd47fc00a2c39e90264f33305004495a9","hash":"4c2dff2280e9a625b6c21cf2dee7ef8fe9c2d7f1"}
,"/Users/dtelaroli/my/backend-test/api/src/__tests__/schema/graphql/queries.js": {"path":"/Users/dtelaroli/my/backend-test/api/src/__tests__/schema/graphql/queries.js","statementMap":{"0":{"start":{"line":1,"column":16},"end":{"line":1,"column":45}},"1":{"start":{"line":3,"column":17},"end":{"line":24,"column":1}},"2":{"start":{"line":26,"column":22},"end":{"line":34,"column":1}},"3":{"start":{"line":36,"column":0},"end":{"line":39,"column":2}}},"fnMap":{},"branchMap":{},"s":{"0":4,"1":4,"2":4,"3":4},"f":{},"b":{},"_coverageSchema":"1a1c01bbd47fc00a2c39e90264f33305004495a9","hash":"364962c79ec06849c27008fb74e5376740bb1e0a"}
,"/Users/dtelaroli/my/backend-test/api/src/config/gql.js": {"path":"/Users/dtelaroli/my/backend-test/api/src/config/gql.js","statementMap":{"0":{"start":{"line":1,"column":28},"end":{"line":1,"column":74}},"1":{"start":{"line":2,"column":17},"end":{"line":2,"column":37}},"2":{"start":{"line":3,"column":18},"end":{"line":3,"column":41}},"3":{"start":{"line":4,"column":11},"end":{"line":4,"column":34}},"4":{"start":{"line":5,"column":19},"end":{"line":5,"column":38}},"5":{"start":{"line":6,"column":26},"end":{"line":6,"column":37}},"6":{"start":{"line":7,"column":14},"end":{"line":7,"column":30}},"7":{"start":{"line":9,"column":15},"end":{"line":48,"column":1}},"8":{"start":{"line":18,"column":4},"end":{"line":22,"column":6}},"9":{"start":{"line":29,"column":4},"end":{"line":29,"column":24}},"10":{"start":{"line":30,"column":4},"end":{"line":30,"column":17}},"11":{"start":{"line":50,"column":0},"end":{"line":50,"column":24}}},"fnMap":{"0":{"name":"(anonymous_0)","decl":{"start":{"line":17,"column":11},"end":{"line":17,"column":12}},"loc":{"start":{"line":17,"column":27},"end":{"line":23,"column":3}},"line":17},"1":{"name":"(anonymous_1)","decl":{"start":{"line":28,"column":15},"end":{"line":28,"column":16}},"loc":{"start":{"line":28,"column":26},"end":{"line":31,"column":3}},"line":28}},"branchMap":{"0":{"loc":{"start":{"line":6,"column":8},"end":{"line":6,"column":21}},"type":"default-arg","locations":[{"start":{"line":6,"column":16},"end":{"line":6,"column":21}}],"line":6}},"s":{"0":5,"1":5,"2":5,"3":5,"4":5,"5":5,"6":5,"7":5,"8":12,"9":0,"10":0,"11":5},"f":{"0":12,"1":0},"b":{"0":[5]},"_coverageSchema":"1a1c01bbd47fc00a2c39e90264f33305004495a9","hash":"1f34b2c74053d5a7737704e4691f1483a10a0aca"}
,"/Users/dtelaroli/my/backend-test/api/src/config/index.js": {"path":"/Users/dtelaroli/my/backend-test/api/src/config/index.js","statementMap":{"0":{"start":{"line":1,"column":12},"end":{"line":1,"column":28}},"1":{"start":{"line":3,"column":0},"end":{"line":3,"column":25}}},"fnMap":{},"branchMap":{},"s":{"0":5,"1":5},"f":{},"b":{},"_coverageSchema":"1a1c01bbd47fc00a2c39e90264f33305004495a9","hash":"eaac7e74a8c90c5c148ed9f847d500c307d77333"}
,"/Users/dtelaroli/my/backend-test/api/src/db/config/index.js": {"path":"/Users/dtelaroli/my/backend-test/api/src/db/config/index.js","statementMap":{"0":{"start":{"line":1,"column":19},"end":{"line":1,"column":41}},"1":{"start":{"line":2,"column":91},"end":{"line":2,"column":102}},"2":{"start":{"line":4,"column":22},"end":{"line":11,"column":1}},"3":{"start":{"line":10,"column":20},"end":{"line":10,"column":40}},"4":{"start":{"line":13,"column":15},"end":{"line":20,"column":1}},"5":{"start":{"line":22,"column":0},"end":{"line":22,"column":24}}},"fnMap":{"0":{"name":"(anonymous_0)","decl":{"start":{"line":10,"column":11},"end":{"line":10,"column":12}},"loc":{"start":{"line":10,"column":20},"end":{"line":10,"column":40}},"line":10}},"branchMap":{},"s":{"0":5,"1":5,"2":5,"3":0,"4":5,"5":5},"f":{"0":0},"b":{},"_coverageSchema":"1a1c01bbd47fc00a2c39e90264f33305004495a9","hash":"60aba90bb5fc1efbbcc8b67f8942f1c1150304d2"}
,"/Users/dtelaroli/my/backend-test/api/src/db/dao/index.js": {"path":"/Users/dtelaroli/my/backend-test/api/src/db/dao/index.js","statementMap":{"0":{"start":{"line":1,"column":16},"end":{"line":1,"column":33}},"1":{"start":{"line":3,"column":0},"end":{"line":3,"column":29}}},"fnMap":{},"branchMap":{},"s":{"0":5,"1":5},"f":{},"b":{},"_coverageSchema":"1a1c01bbd47fc00a2c39e90264f33305004495a9","hash":"399c332bbc7d63fa8086fd9482287d4ff03703a8"}
,"/Users/dtelaroli/my/backend-test/api/src/db/dao/cart/index.js": {"path":"/Users/dtelaroli/my/backend-test/api/src/db/dao/cart/index.js","statementMap":{"0":{"start":{"line":1,"column":18},"end":{"line":1,"column":40}},"1":{"start":{"line":2,"column":19},"end":{"line":2,"column":42}},"2":{"start":{"line":4,"column":21},"end":{"line":12,"column":1}},"3":{"start":{"line":5,"column":15},"end":{"line":5,"column":38}},"4":{"start":{"line":7,"column":2},"end":{"line":9,"column":3}},"5":{"start":{"line":8,"column":4},"end":{"line":8,"column":65}},"6":{"start":{"line":11,"column":2},"end":{"line":11,"column":14}},"7":{"start":{"line":14,"column":14},"end":{"line":14,"column":30}},"8":{"start":{"line":16,"column":0},"end":{"line":18,"column":3}},"9":{"start":{"line":17,"column":2},"end":{"line":17,"column":76}},"10":{"start":{"line":17,"column":37},"end":{"line":17,"column":75}},"11":{"start":{"line":20,"column":0},"end":{"line":20,"column":23}}},"fnMap":{"0":{"name":"(anonymous_0)","decl":{"start":{"line":4,"column":21},"end":{"line":4,"column":22}},"loc":{"start":{"line":4,"column":45},"end":{"line":12,"column":1}},"line":4},"1":{"name":"(anonymous_1)","decl":{"start":{"line":16,"column":48},"end":{"line":16,"column":49}},"loc":{"start":{"line":16,"column":58},"end":{"line":18,"column":1}},"line":16},"2":{"name":"(anonymous_2)","decl":{"start":{"line":17,"column":16},"end":{"line":17,"column":17}},"loc":{"start":{"line":17,"column":37},"end":{"line":17,"column":75}},"line":17}},"branchMap":{"0":{"loc":{"start":{"line":7,"column":2},"end":{"line":9,"column":3}},"type":"if","locations":[{"start":{"line":7,"column":2},"end":{"line":9,"column":3}},{"start":{"line":7,"column":2},"end":{"line":9,"column":3}}],"line":7}},"s":{"0":5,"1":5,"2":5,"3":4,"4":4,"5":2,"6":2,"7":5,"8":5,"9":15,"10":10,"11":5},"f":{"0":4,"1":15,"2":10},"b":{"0":[2,2]},"_coverageSchema":"1a1c01bbd47fc00a2c39e90264f33305004495a9","hash":"f5607298c13228fbda683937b483f0a89ca53d50"}
,"/Users/dtelaroli/my/backend-test/api/src/db/dao/cart/operation.js": {"path":"/Users/dtelaroli/my/backend-test/api/src/db/dao/cart/operation.js","statementMap":{"0":{"start":{"line":1,"column":27},"end":{"line":1,"column":51}},"1":{"start":{"line":2,"column":26},"end":{"line":2,"column":48}},"2":{"start":{"line":4,"column":18},"end":{"line":40,"column":1}},"3":{"start":{"line":5,"column":2},"end":{"line":39,"column":5}},"4":{"start":{"line":6,"column":19},"end":{"line":11,"column":6}},"5":{"start":{"line":13,"column":16},"end":{"line":13,"column":41}},"6":{"start":{"line":15,"column":4},"end":{"line":26,"column":5}},"7":{"start":{"line":16,"column":6},"end":{"line":16,"column":62}},"8":{"start":{"line":18,"column":6},"end":{"line":18,"column":116}},"9":{"start":{"line":18,"column":36},"end":{"line":18,"column":116}},"10":{"start":{"line":19,"column":25},"end":{"line":19,"column":45}},"11":{"start":{"line":20,"column":6},"end":{"line":25,"column":9}},"12":{"start":{"line":28,"column":17},"end":{"line":28,"column":41}},"13":{"start":{"line":29,"column":18},"end":{"line":29,"column":43}},"14":{"start":{"line":30,"column":17},"end":{"line":36,"column":5}},"15":{"start":{"line":31,"column":26},"end":{"line":34,"column":7}},"16":{"start":{"line":38,"column":4},"end":{"line":38,"column":29}},"17":{"start":{"line":42,"column":0},"end":{"line":42,"column":27}}},"fnMap":{"0":{"name":"(anonymous_0)","decl":{"start":{"line":4,"column":18},"end":{"line":4,"column":19}},"loc":{"start":{"line":4,"column":98},"end":{"line":40,"column":1}},"line":4},"1":{"name":"(anonymous_1)","decl":{"start":{"line":5,"column":34},"end":{"line":5,"column":35}},"loc":{"start":{"line":5,"column":46},"end":{"line":39,"column":3}},"line":5},"2":{"name":"(anonymous_2)","decl":{"start":{"line":31,"column":6},"end":{"line":31,"column":7}},"loc":{"start":{"line":31,"column":26},"end":{"line":34,"column":7}},"line":31}},"branchMap":{"0":{"loc":{"start":{"line":15,"column":4},"end":{"line":26,"column":5}},"type":"if","locations":[{"start":{"line":15,"column":4},"end":{"line":26,"column":5}},{"start":{"line":15,"column":4},"end":{"line":26,"column":5}}],"line":15},"1":{"loc":{"start":{"line":18,"column":6},"end":{"line":18,"column":116}},"type":"if","locations":[{"start":{"line":18,"column":6},"end":{"line":18,"column":116}},{"start":{"line":18,"column":6},"end":{"line":18,"column":116}}],"line":18}},"s":{"0":5,"1":5,"2":5,"3":10,"4":10,"5":10,"6":10,"7":7,"8":3,"9":0,"10":3,"11":3,"12":8,"13":8,"14":8,"15":9,"16":8,"17":5},"f":{"0":10,"1":10,"2":9},"b":{"0":[7,3],"1":[0,3]},"_coverageSchema":"1a1c01bbd47fc00a2c39e90264f33305004495a9","hash":"09c8fcf6371633f5cc88bd56a583091860060883"}
,"/Users/dtelaroli/my/backend-test/api/src/db/dao/cart/operations/add.js": {"path":"/Users/dtelaroli/my/backend-test/api/src/db/dao/cart/operations/add.js","statementMap":{"0":{"start":{"line":1,"column":27},"end":{"line":1,"column":51}},"1":{"start":{"line":3,"column":18},"end":{"line":12,"column":1}},"2":{"start":{"line":4,"column":2},"end":{"line":5,"column":84}},"3":{"start":{"line":5,"column":4},"end":{"line":5,"column":84}},"4":{"start":{"line":7,"column":23},"end":{"line":7,"column":55}},"5":{"start":{"line":8,"column":2},"end":{"line":11,"column":5}},"6":{"start":{"line":14,"column":0},"end":{"line":14,"column":27}}},"fnMap":{"0":{"name":"(anonymous_0)","decl":{"start":{"line":3,"column":18},"end":{"line":3,"column":19}},"loc":{"start":{"line":3,"column":57},"end":{"line":12,"column":1}},"line":3}},"branchMap":{"0":{"loc":{"start":{"line":4,"column":2},"end":{"line":5,"column":84}},"type":"if","locations":[{"start":{"line":4,"column":2},"end":{"line":5,"column":84}},{"start":{"line":4,"column":2},"end":{"line":5,"column":84}}],"line":4}},"s":{"0":5,"1":5,"2":2,"3":1,"4":1,"5":1,"6":5},"f":{"0":2},"b":{"0":[1,1]},"_coverageSchema":"1a1c01bbd47fc00a2c39e90264f33305004495a9","hash":"3aad441ad2cf2e1ba436c2c7174bb6cd26ed763d"}
,"/Users/dtelaroli/my/backend-test/api/src/db/dao/cart/operations/delete.js": {"path":"/Users/dtelaroli/my/backend-test/api/src/db/dao/cart/operations/delete.js","statementMap":{"0":{"start":{"line":1,"column":18},"end":{"line":4,"column":1}},"1":{"start":{"line":2,"column":2},"end":{"line":2,"column":27}},"2":{"start":{"line":3,"column":2},"end":{"line":3,"column":18}},"3":{"start":{"line":6,"column":0},"end":{"line":6,"column":27}}},"fnMap":{"0":{"name":"(anonymous_0)","decl":{"start":{"line":1,"column":18},"end":{"line":1,"column":19}},"loc":{"start":{"line":1,"column":42},"end":{"line":4,"column":1}},"line":1}},"branchMap":{},"s":{"0":5,"1":2,"2":2,"3":5},"f":{"0":2},"b":{},"_coverageSchema":"1a1c01bbd47fc00a2c39e90264f33305004495a9","hash":"01841d7432df0e44acdc117db55234ae60b4f0fa"}
,"/Users/dtelaroli/my/backend-test/api/src/db/dao/cart/operations/index.js": {"path":"/Users/dtelaroli/my/backend-test/api/src/db/dao/cart/operations/index.js","statementMap":{"0":{"start":{"line":1,"column":16},"end":{"line":1,"column":32}},"1":{"start":{"line":2,"column":19},"end":{"line":2,"column":38}},"2":{"start":{"line":3,"column":19},"end":{"line":3,"column":38}},"3":{"start":{"line":5,"column":0},"end":{"line":9,"column":2}}},"fnMap":{},"branchMap":{},"s":{"0":5,"1":5,"2":5,"3":5},"f":{},"b":{},"_coverageSchema":"1a1c01bbd47fc00a2c39e90264f33305004495a9","hash":"f061e23d7e496c3ef3d2b8296680079cd6b615af"}
,"/Users/dtelaroli/my/backend-test/api/src/db/dao/cart/operations/update.js": {"path":"/Users/dtelaroli/my/backend-test/api/src/db/dao/cart/operations/update.js","statementMap":{"0":{"start":{"line":1,"column":27},"end":{"line":1,"column":51}},"1":{"start":{"line":3,"column":18},"end":{"line":10,"column":1}},"2":{"start":{"line":4,"column":2},"end":{"line":4,"column":112}},"3":{"start":{"line":4,"column":32},"end":{"line":4,"column":112}},"4":{"start":{"line":6,"column":2},"end":{"line":9,"column":5}},"5":{"start":{"line":12,"column":0},"end":{"line":12,"column":27}}},"fnMap":{"0":{"name":"(anonymous_0)","decl":{"start":{"line":3,"column":18},"end":{"line":3,"column":19}},"loc":{"start":{"line":3,"column":57},"end":{"line":10,"column":1}},"line":3}},"branchMap":{"0":{"loc":{"start":{"line":4,"column":2},"end":{"line":4,"column":112}},"type":"if","locations":[{"start":{"line":4,"column":2},"end":{"line":4,"column":112}},{"start":{"line":4,"column":2},"end":{"line":4,"column":112}}],"line":4}},"s":{"0":5,"1":5,"2":3,"3":1,"4":2,"5":5},"f":{"0":3},"b":{"0":[1,2]},"_coverageSchema":"1a1c01bbd47fc00a2c39e90264f33305004495a9","hash":"b0eb9ea5448ac04c6378179c1afd0dd3dcf58cc2"}
,"/Users/dtelaroli/my/backend-test/api/src/db/models/cart-item.js": {"path":"/Users/dtelaroli/my/backend-test/api/src/db/models/cart-item.js","statementMap":{"0":{"start":{"line":2,"column":18},"end":{"line":2,"column":38}},"1":{"start":{"line":3,"column":0},"end":{"line":34,"column":2}},"2":{"start":{"line":12,"column":6},"end":{"line":12,"column":62}},"3":{"start":{"line":13,"column":6},"end":{"line":13,"column":64}},"4":{"start":{"line":16,"column":2},"end":{"line":32,"column":4}},"5":{"start":{"line":33,"column":2},"end":{"line":33,"column":18}}},"fnMap":{"0":{"name":"(anonymous_0)","decl":{"start":{"line":3,"column":17},"end":{"line":3,"column":18}},"loc":{"start":{"line":3,"column":43},"end":{"line":34,"column":1}},"line":3},"1":{"name":"(anonymous_1)","decl":{"start":{"line":10,"column":4},"end":{"line":10,"column":5}},"loc":{"start":{"line":10,"column":29},"end":{"line":14,"column":5}},"line":10}},"branchMap":{},"s":{"0":5,"1":5,"2":5,"3":5,"4":5,"5":5},"f":{"0":5,"1":5},"b":{},"_coverageSchema":"1a1c01bbd47fc00a2c39e90264f33305004495a9","hash":"3f69089a1ce847b4ae72fd05fae060bdf393b4e8"}
,"/Users/dtelaroli/my/backend-test/api/src/db/models/cart.js": {"path":"/Users/dtelaroli/my/backend-test/api/src/db/models/cart.js","statementMap":{"0":{"start":{"line":2,"column":18},"end":{"line":2,"column":38}},"1":{"start":{"line":3,"column":0},"end":{"line":31,"column":2}},"2":{"start":{"line":12,"column":6},"end":{"line":12,"column":62}},"3":{"start":{"line":15,"column":2},"end":{"line":29,"column":4}},"4":{"start":{"line":30,"column":2},"end":{"line":30,"column":14}}},"fnMap":{"0":{"name":"(anonymous_0)","decl":{"start":{"line":3,"column":17},"end":{"line":3,"column":18}},"loc":{"start":{"line":3,"column":43},"end":{"line":31,"column":1}},"line":3},"1":{"name":"(anonymous_1)","decl":{"start":{"line":10,"column":4},"end":{"line":10,"column":5}},"loc":{"start":{"line":10,"column":29},"end":{"line":13,"column":5}},"line":10}},"branchMap":{},"s":{"0":5,"1":5,"2":5,"3":5,"4":5},"f":{"0":5,"1":5},"b":{},"_coverageSchema":"1a1c01bbd47fc00a2c39e90264f33305004495a9","hash":"e8b1a6373aa8e95dba98b5bf969ce48fa7f9f8d2"}
,"/Users/dtelaroli/my/backend-test/api/src/db/models/index.js": {"path":"/Users/dtelaroli/my/backend-test/api/src/db/models/index.js","statementMap":{"0":{"start":{"line":3,"column":11},"end":{"line":3,"column":24}},"1":{"start":{"line":4,"column":13},"end":{"line":4,"column":28}},"2":{"start":{"line":5,"column":18},"end":{"line":5,"column":38}},"3":{"start":{"line":6,"column":17},"end":{"line":6,"column":42}},"4":{"start":{"line":7,"column":12},"end":{"line":7,"column":49}},"5":{"start":{"line":8,"column":15},"end":{"line":8,"column":62}},"6":{"start":{"line":9,"column":11},"end":{"line":9,"column":13}},"7":{"start":{"line":12,"column":0},"end":{"line":14,"column":2}},"8":{"start":{"line":13,"column":2},"end":{"line":13,"column":27}},"9":{"start":{"line":16,"column":18},"end":{"line":16,"column":90}},"10":{"start":{"line":17,"column":0},"end":{"line":24,"column":5}},"11":{"start":{"line":19,"column":4},"end":{"line":19,"column":84}},"12":{"start":{"line":22,"column":18},"end":{"line":22,"column":85}},"13":{"start":{"line":23,"column":4},"end":{"line":23,"column":27}},"14":{"start":{"line":26,"column":0},"end":{"line":30,"column":3}},"15":{"start":{"line":27,"column":2},"end":{"line":29,"column":3}},"16":{"start":{"line":28,"column":4},"end":{"line":28,"column":32}},"17":{"start":{"line":32,"column":0},"end":{"line":32,"column":25}},"18":{"start":{"line":33,"column":0},"end":{"line":33,"column":25}},"19":{"start":{"line":35,"column":0},"end":{"line":35,"column":20}}},"fnMap":{"0":{"name":"(anonymous_0)","decl":{"start":{"line":12,"column":35},"end":{"line":12,"column":36}},"loc":{"start":{"line":12,"column":52},"end":{"line":14,"column":1}},"line":12},"1":{"name":"(anonymous_1)","decl":{"start":{"line":18,"column":10},"end":{"line":18,"column":11}},"loc":{"start":{"line":18,"column":20},"end":{"line":20,"column":3}},"line":18},"2":{"name":"(anonymous_2)","decl":{"start":{"line":21,"column":11},"end":{"line":21,"column":12}},"loc":{"start":{"line":21,"column":21},"end":{"line":24,"column":3}},"line":21},"3":{"name":"(anonymous_3)","decl":{"start":{"line":26,"column":24},"end":{"line":26,"column":25}},"loc":{"start":{"line":26,"column":39},"end":{"line":30,"column":1}},"line":26}},"branchMap":{"0":{"loc":{"start":{"line":7,"column":12},"end":{"line":7,"column":49}},"type":"binary-expr","locations":[{"start":{"line":7,"column":12},"end":{"line":7,"column":32}},{"start":{"line":7,"column":36},"end":{"line":7,"column":49}}],"line":7},"1":{"loc":{"start":{"line":19,"column":11},"end":{"line":19,"column":83}},"type":"binary-expr","locations":[{"start":{"line":19,"column":11},"end":{"line":19,"column":34}},{"start":{"line":19,"column":38},"end":{"line":19,"column":55}},{"start":{"line":19,"column":59},"end":{"line":19,"column":83}}],"line":19},"2":{"loc":{"start":{"line":27,"column":2},"end":{"line":29,"column":3}},"type":"if","locations":[{"start":{"line":27,"column":2},"end":{"line":29,"column":3}},{"start":{"line":27,"column":2},"end":{"line":29,"column":3}}],"line":27}},"s":{"0":5,"1":5,"2":5,"3":5,"4":5,"5":5,"6":5,"7":5,"8":0,"9":5,"10":5,"11":25,"12":20,"13":20,"14":5,"15":20,"16":20,"17":5,"18":5,"19":5},"f":{"0":0,"1":25,"2":20,"3":20},"b":{"0":[5,0],"1":[25,25,20],"2":[20,0]},"_coverageSchema":"1a1c01bbd47fc00a2c39e90264f33305004495a9","hash":"6ada70180b0d84682fd4d6816e00703b634cbe2e"}
,"/Users/dtelaroli/my/backend-test/api/src/db/models/product.js": {"path":"/Users/dtelaroli/my/backend-test/api/src/db/models/product.js","statementMap":{"0":{"start":{"line":2,"column":18},"end":{"line":2,"column":38}},"1":{"start":{"line":3,"column":0},"end":{"line":51,"column":2}},"2":{"start":{"line":12,"column":6},"end":{"line":14,"column":9}},"3":{"start":{"line":18,"column":6},"end":{"line":22,"column":9}},"4":{"start":{"line":23,"column":6},"end":{"line":23,"column":40}},"5":{"start":{"line":27,"column":6},"end":{"line":31,"column":9}},"6":{"start":{"line":32,"column":6},"end":{"line":32,"column":44}},"7":{"start":{"line":35,"column":2},"end":{"line":49,"column":4}},"8":{"start":{"line":50,"column":2},"end":{"line":50,"column":17}}},"fnMap":{"0":{"name":"(anonymous_0)","decl":{"start":{"line":3,"column":17},"end":{"line":3,"column":18}},"loc":{"start":{"line":3,"column":43},"end":{"line":51,"column":1}},"line":3},"1":{"name":"(anonymous_1)","decl":{"start":{"line":10,"column":4},"end":{"line":10,"column":5}},"loc":{"start":{"line":10,"column":29},"end":{"line":15,"column":5}},"line":10},"2":{"name":"(anonymous_2)","decl":{"start":{"line":17,"column":4},"end":{"line":17,"column":5}},"loc":{"start":{"line":17,"column":30},"end":{"line":24,"column":5}},"line":17},"3":{"name":"(anonymous_3)","decl":{"start":{"line":26,"column":4},"end":{"line":26,"column":5}},"loc":{"start":{"line":26,"column":28},"end":{"line":33,"column":5}},"line":26}},"branchMap":{},"s":{"0":5,"1":5,"2":5,"3":1,"4":1,"5":1,"6":1,"7":5,"8":5},"f":{"0":5,"1":5,"2":1,"3":1},"b":{},"_coverageSchema":"1a1c01bbd47fc00a2c39e90264f33305004495a9","hash":"fe6665d51fa91b19b7f2a0746f2b3f6182ffeddd"}
,"/Users/dtelaroli/my/backend-test/api/src/db/models/sku.js": {"path":"/Users/dtelaroli/my/backend-test/api/src/db/models/sku.js","statementMap":{"0":{"start":{"line":2,"column":18},"end":{"line":2,"column":38}},"1":{"start":{"line":3,"column":0},"end":{"line":51,"column":2}},"2":{"start":{"line":12,"column":6},"end":{"line":12,"column":65}},"3":{"start":{"line":16,"column":6},"end":{"line":20,"column":9}},"4":{"start":{"line":21,"column":6},"end":{"line":21,"column":36}},"5":{"start":{"line":25,"column":6},"end":{"line":29,"column":9}},"6":{"start":{"line":30,"column":6},"end":{"line":30,"column":40}},"7":{"start":{"line":33,"column":2},"end":{"line":49,"column":4}},"8":{"start":{"line":50,"column":2},"end":{"line":50,"column":13}}},"fnMap":{"0":{"name":"(anonymous_0)","decl":{"start":{"line":3,"column":17},"end":{"line":3,"column":18}},"loc":{"start":{"line":3,"column":43},"end":{"line":51,"column":1}},"line":3},"1":{"name":"(anonymous_1)","decl":{"start":{"line":10,"column":4},"end":{"line":10,"column":5}},"loc":{"start":{"line":10,"column":29},"end":{"line":13,"column":5}},"line":10},"2":{"name":"(anonymous_2)","decl":{"start":{"line":15,"column":4},"end":{"line":15,"column":5}},"loc":{"start":{"line":15,"column":30},"end":{"line":22,"column":5}},"line":15},"3":{"name":"(anonymous_3)","decl":{"start":{"line":24,"column":4},"end":{"line":24,"column":5}},"loc":{"start":{"line":24,"column":28},"end":{"line":31,"column":5}},"line":24}},"branchMap":{},"s":{"0":5,"1":5,"2":5,"3":1,"4":1,"5":1,"6":1,"7":5,"8":5},"f":{"0":5,"1":5,"2":1,"3":1},"b":{},"_coverageSchema":"1a1c01bbd47fc00a2c39e90264f33305004495a9","hash":"1586512fcfe90a9d68afaafc013c0a93c2ccdee4"}
,"/Users/dtelaroli/my/backend-test/api/src/db/seeders/20200919151449-cart.js": {"path":"/Users/dtelaroli/my/backend-test/api/src/db/seeders/20200919151449-cart.js","statementMap":{"0":{"start":{"line":3,"column":15},"end":{"line":3,"column":34}},"1":{"start":{"line":5,"column":13},"end":{"line":5,"column":37}},"2":{"start":{"line":7,"column":0},"end":{"line":16,"column":2}},"3":{"start":{"line":10,"column":4},"end":{"line":10,"column":53}},"4":{"start":{"line":14,"column":4},"end":{"line":14,"column":55}}},"fnMap":{"0":{"name":"(anonymous_0)","decl":{"start":{"line":9,"column":6},"end":{"line":9,"column":7}},"loc":{"start":{"line":9,"column":43},"end":{"line":11,"column":3}},"line":9},"1":{"name":"(anonymous_1)","decl":{"start":{"line":13,"column":8},"end":{"line":13,"column":9}},"loc":{"start":{"line":13,"column":45},"end":{"line":15,"column":3}},"line":13}},"branchMap":{},"s":{"0":1,"1":1,"2":1,"3":0,"4":0},"f":{"0":0,"1":0},"b":{},"_coverageSchema":"1a1c01bbd47fc00a2c39e90264f33305004495a9","hash":"de2382afcab3ea7e5ffd5e4546069c7c950546be"}
,"/Users/dtelaroli/my/backend-test/api/src/db/seeders/20200922000936-cart-item.js": {"path":"/Users/dtelaroli/my/backend-test/api/src/db/seeders/20200922000936-cart-item.js","statementMap":{"0":{"start":{"line":3,"column":15},"end":{"line":3,"column":34}},"1":{"start":{"line":5,"column":20},"end":{"line":5,"column":44}},"2":{"start":{"line":6,"column":20},"end":{"line":6,"column":44}},"3":{"start":{"line":7,"column":20},"end":{"line":7,"column":44}},"4":{"start":{"line":8,"column":12},"end":{"line":8,"column":51}},"5":{"start":{"line":9,"column":14},"end":{"line":9,"column":53}},"6":{"start":{"line":10,"column":18},"end":{"line":10,"column":99}},"7":{"start":{"line":11,"column":20},"end":{"line":11,"column":109}},"8":{"start":{"line":12,"column":16},"end":{"line":12,"column":43}},"9":{"start":{"line":14,"column":0},"end":{"line":35,"column":2}},"10":{"start":{"line":23,"column":4},"end":{"line":23,"column":86}},"11":{"start":{"line":24,"column":4},"end":{"line":24,"column":59}},"12":{"start":{"line":25,"column":4},"end":{"line":25,"column":58}},"13":{"start":{"line":26,"column":4},"end":{"line":26,"column":75}},"14":{"start":{"line":30,"column":4},"end":{"line":30,"column":59}},"15":{"start":{"line":31,"column":4},"end":{"line":31,"column":54}},"16":{"start":{"line":32,"column":4},"end":{"line":32,"column":58}},"17":{"start":{"line":33,"column":4},"end":{"line":33,"column":55}}},"fnMap":{"0":{"name":"(anonymous_0)","decl":{"start":{"line":22,"column":6},"end":{"line":22,"column":7}},"loc":{"start":{"line":22,"column":43},"end":{"line":27,"column":3}},"line":22},"1":{"name":"(anonymous_1)","decl":{"start":{"line":29,"column":8},"end":{"line":29,"column":9}},"loc":{"start":{"line":29,"column":45},"end":{"line":34,"column":3}},"line":29}},"branchMap":{},"s":{"0":1,"1":1,"2":1,"3":1,"4":1,"5":1,"6":1,"7":1,"8":1,"9":1,"10":0,"11":0,"12":0,"13":0,"14":0,"15":0,"16":0,"17":0},"f":{"0":0,"1":0},"b":{},"_coverageSchema":"1a1c01bbd47fc00a2c39e90264f33305004495a9","hash":"9669008ad34057689ee0568adfd13cf548110a0b"}
,"/Users/dtelaroli/my/backend-test/api/src/db/seeders/20200922001324-cart-dao.js": {"path":"/Users/dtelaroli/my/backend-test/api/src/db/seeders/20200922001324-cart-dao.js","statementMap":{"0":{"start":{"line":3,"column":15},"end":{"line":3,"column":34}},"1":{"start":{"line":5,"column":13},"end":{"line":5,"column":28}},"2":{"start":{"line":6,"column":20},"end":{"line":6,"column":44}},"3":{"start":{"line":7,"column":12},"end":{"line":7,"column":26}},"4":{"start":{"line":8,"column":18},"end":{"line":8,"column":65}},"5":{"start":{"line":9,"column":25},"end":{"line":9,"column":79}},"6":{"start":{"line":10,"column":20},"end":{"line":10,"column":96}},"7":{"start":{"line":11,"column":14},"end":{"line":11,"column":37}},"8":{"start":{"line":12,"column":19},"end":{"line":12,"column":42}},"9":{"start":{"line":13,"column":19},"end":{"line":13,"column":40}},"10":{"start":{"line":14,"column":16},"end":{"line":14,"column":34}},"11":{"start":{"line":16,"column":0},"end":{"line":39,"column":2}},"12":{"start":{"line":27,"column":4},"end":{"line":27,"column":78}},"13":{"start":{"line":28,"column":4},"end":{"line":28,"column":59}},"14":{"start":{"line":29,"column":4},"end":{"line":29,"column":70}},"15":{"start":{"line":30,"column":4},"end":{"line":30,"column":93}},"16":{"start":{"line":34,"column":4},"end":{"line":34,"column":59}},"17":{"start":{"line":35,"column":4},"end":{"line":35,"column":54}},"18":{"start":{"line":36,"column":4},"end":{"line":36,"column":58}},"19":{"start":{"line":37,"column":4},"end":{"line":37,"column":55}}},"fnMap":{"0":{"name":"(anonymous_0)","decl":{"start":{"line":26,"column":6},"end":{"line":26,"column":7}},"loc":{"start":{"line":26,"column":43},"end":{"line":31,"column":3}},"line":26},"1":{"name":"(anonymous_1)","decl":{"start":{"line":33,"column":8},"end":{"line":33,"column":9}},"loc":{"start":{"line":33,"column":45},"end":{"line":38,"column":3}},"line":33}},"branchMap":{},"s":{"0":1,"1":1,"2":1,"3":1,"4":1,"5":1,"6":1,"7":1,"8":1,"9":1,"10":1,"11":1,"12":0,"13":0,"14":0,"15":0,"16":0,"17":0,"18":0,"19":0},"f":{"0":0,"1":0},"b":{},"_coverageSchema":"1a1c01bbd47fc00a2c39e90264f33305004495a9","hash":"2caa2f2b3d9143eeabd5a54ce4cdbdd004ae68ef"}
,"/Users/dtelaroli/my/backend-test/api/src/db/seeders/20200923032202-sku.js": {"path":"/Users/dtelaroli/my/backend-test/api/src/db/seeders/20200923032202-sku.js","statementMap":{"0":{"start":{"line":3,"column":15},"end":{"line":3,"column":34}},"1":{"start":{"line":5,"column":12},"end":{"line":5,"column":51}},"2":{"start":{"line":6,"column":19},"end":{"line":6,"column":58}},"3":{"start":{"line":7,"column":19},"end":{"line":7,"column":58}},"4":{"start":{"line":8,"column":16},"end":{"line":8,"column":43}},"5":{"start":{"line":10,"column":0},"end":{"line":24,"column":2}},"6":{"start":{"line":16,"column":4},"end":{"line":16,"column":59}},"7":{"start":{"line":17,"column":4},"end":{"line":17,"column":70}},"8":{"start":{"line":21,"column":4},"end":{"line":21,"column":54}},"9":{"start":{"line":22,"column":4},"end":{"line":22,"column":58}}},"fnMap":{"0":{"name":"(anonymous_0)","decl":{"start":{"line":15,"column":6},"end":{"line":15,"column":7}},"loc":{"start":{"line":15,"column":43},"end":{"line":18,"column":3}},"line":15},"1":{"name":"(anonymous_1)","decl":{"start":{"line":20,"column":8},"end":{"line":20,"column":9}},"loc":{"start":{"line":20,"column":45},"end":{"line":23,"column":3}},"line":20}},"branchMap":{},"s":{"0":1,"1":1,"2":1,"3":1,"4":1,"5":1,"6":0,"7":0,"8":0,"9":0},"f":{"0":0,"1":0},"b":{},"_coverageSchema":"1a1c01bbd47fc00a2c39e90264f33305004495a9","hash":"72b7c0c3c2d484d2563c73fc545c680eba9da1f8"}
,"/Users/dtelaroli/my/backend-test/api/src/db/seeders/20200923034056-product.js": {"path":"/Users/dtelaroli/my/backend-test/api/src/db/seeders/20200923034056-product.js","statementMap":{"0":{"start":{"line":3,"column":15},"end":{"line":3,"column":34}},"1":{"start":{"line":5,"column":16},"end":{"line":5,"column":43}},"2":{"start":{"line":6,"column":23},"end":{"line":6,"column":50}},"3":{"start":{"line":7,"column":23},"end":{"line":7,"column":50}},"4":{"start":{"line":9,"column":0},"end":{"line":20,"column":2}},"5":{"start":{"line":14,"column":4},"end":{"line":14,"column":82}},"6":{"start":{"line":18,"column":4},"end":{"line":18,"column":58}}},"fnMap":{"0":{"name":"(anonymous_0)","decl":{"start":{"line":13,"column":6},"end":{"line":13,"column":7}},"loc":{"start":{"line":13,"column":43},"end":{"line":15,"column":3}},"line":13},"1":{"name":"(anonymous_1)","decl":{"start":{"line":17,"column":8},"end":{"line":17,"column":9}},"loc":{"start":{"line":17,"column":45},"end":{"line":19,"column":3}},"line":17}},"branchMap":{},"s":{"0":1,"1":1,"2":1,"3":1,"4":1,"5":0,"6":0},"f":{"0":0,"1":0},"b":{},"_coverageSchema":"1a1c01bbd47fc00a2c39e90264f33305004495a9","hash":"57bb5ccdd35762f56f3eccd21a311f934a52a26d"}
,"/Users/dtelaroli/my/backend-test/api/src/db/seeders/consts/index.js": {"path":"/Users/dtelaroli/my/backend-test/api/src/db/seeders/consts/index.js","statementMap":{"0":{"start":{"line":1,"column":13},"end":{"line":1,"column":39}},"1":{"start":{"line":3,"column":19},"end":{"line":9,"column":2}},"2":{"start":{"line":3,"column":38},"end":{"line":9,"column":1}},"3":{"start":{"line":11,"column":13},"end":{"line":17,"column":2}},"4":{"start":{"line":11,"column":71},"end":{"line":17,"column":1}},"5":{"start":{"line":19,"column":16},"end":{"line":25,"column":2}},"6":{"start":{"line":19,"column":35},"end":{"line":25,"column":1}},"7":{"start":{"line":27,"column":12},"end":{"line":35,"column":2}},"8":{"start":{"line":27,"column":62},"end":{"line":35,"column":1}},"9":{"start":{"line":37,"column":18},"end":{"line":45,"column":2}},"10":{"start":{"line":37,"column":101},"end":{"line":45,"column":1}},"11":{"start":{"line":47,"column":0},"end":{"line":53,"column":2}}},"fnMap":{"0":{"name":"(anonymous_0)","decl":{"start":{"line":3,"column":19},"end":{"line":3,"column":20}},"loc":{"start":{"line":3,"column":38},"end":{"line":9,"column":1}},"line":3},"1":{"name":"(anonymous_1)","decl":{"start":{"line":11,"column":13},"end":{"line":11,"column":14}},"loc":{"start":{"line":11,"column":71},"end":{"line":17,"column":1}},"line":11},"2":{"name":"(anonymous_2)","decl":{"start":{"line":19,"column":16},"end":{"line":19,"column":17}},"loc":{"start":{"line":19,"column":35},"end":{"line":25,"column":1}},"line":19},"3":{"name":"(anonymous_3)","decl":{"start":{"line":27,"column":12},"end":{"line":27,"column":13}},"loc":{"start":{"line":27,"column":62},"end":{"line":35,"column":1}},"line":27},"4":{"name":"(anonymous_4)","decl":{"start":{"line":37,"column":18},"end":{"line":37,"column":19}},"loc":{"start":{"line":37,"column":101},"end":{"line":45,"column":1}},"line":37}},"branchMap":{"0":{"loc":{"start":{"line":3,"column":22},"end":{"line":3,"column":30}},"type":"default-arg","locations":[{"start":{"line":3,"column":27},"end":{"line":3,"column":30}}],"line":3},"1":{"loc":{"start":{"line":11,"column":16},"end":{"line":11,"column":24}},"type":"default-arg","locations":[{"start":{"line":11,"column":21},"end":{"line":11,"column":24}}],"line":11},"2":{"loc":{"start":{"line":11,"column":26},"end":{"line":11,"column":43}},"type":"default-arg","locations":[{"start":{"line":11,"column":42},"end":{"line":11,"column":43}}],"line":11},"3":{"loc":{"start":{"line":11,"column":45},"end":{"line":11,"column":63}},"type":"default-arg","locations":[{"start":{"line":11,"column":59},"end":{"line":11,"column":63}}],"line":11},"4":{"loc":{"start":{"line":19,"column":19},"end":{"line":19,"column":27}},"type":"default-arg","locations":[{"start":{"line":19,"column":24},"end":{"line":19,"column":27}}],"line":19},"5":{"loc":{"start":{"line":27,"column":15},"end":{"line":27,"column":23}},"type":"default-arg","locations":[{"start":{"line":27,"column":20},"end":{"line":27,"column":23}}],"line":27},"6":{"loc":{"start":{"line":27,"column":25},"end":{"line":27,"column":40}},"type":"default-arg","locations":[{"start":{"line":27,"column":37},"end":{"line":27,"column":40}}],"line":27},"7":{"loc":{"start":{"line":27,"column":42},"end":{"line":27,"column":54}},"type":"default-arg","locations":[{"start":{"line":27,"column":50},"end":{"line":27,"column":54}}],"line":27},"8":{"loc":{"start":{"line":37,"column":21},"end":{"line":37,"column":29}},"type":"default-arg","locations":[{"start":{"line":37,"column":26},"end":{"line":37,"column":29}}],"line":37},"9":{"loc":{"start":{"line":37,"column":31},"end":{"line":37,"column":43}},"type":"default-arg","locations":[{"start":{"line":37,"column":40},"end":{"line":37,"column":43}}],"line":37},"10":{"loc":{"start":{"line":37,"column":45},"end":{"line":37,"column":56}},"type":"default-arg","locations":[{"start":{"line":37,"column":53},"end":{"line":37,"column":56}}],"line":37},"11":{"loc":{"start":{"line":37,"column":58},"end":{"line":37,"column":74}},"type":"default-arg","locations":[{"start":{"line":37,"column":73},"end":{"line":37,"column":74}}],"line":37},"12":{"loc":{"start":{"line":37,"column":76},"end":{"line":37,"column":93}},"type":"default-arg","locations":[{"start":{"line":37,"column":89},"end":{"line":37,"column":93}}],"line":37}},"s":{"0":5,"1":5,"2":1,"3":5,"4":6,"5":5,"6":6,"7":5,"8":8,"9":5,"10":5,"11":5},"f":{"0":1,"1":6,"2":6,"3":8,"4":5},"b":{"0":[1],"1":[1],"2":[6],"3":[6],"4":[1],"5":[1],"6":[3],"7":[8],"8":[1],"9":[2],"10":[1],"11":[3],"12":[1]},"_coverageSchema":"1a1c01bbd47fc00a2c39e90264f33305004495a9","hash":"a65fde2473a54df1ce79b16c0ebbc45ef4d1479a"}
,"/Users/dtelaroli/my/backend-test/api/src/db/utils/index.js": {"path":"/Users/dtelaroli/my/backend-test/api/src/db/utils/index.js","statementMap":{"0":{"start":{"line":1,"column":22},"end":{"line":1,"column":48}},"1":{"start":{"line":3,"column":0},"end":{"line":3,"column":35}}},"fnMap":{},"branchMap":{},"s":{"0":5,"1":5},"f":{},"b":{},"_coverageSchema":"1a1c01bbd47fc00a2c39e90264f33305004495a9","hash":"502129d50ca069713e3170dcc76c91b1fcea7c67"}
,"/Users/dtelaroli/my/backend-test/api/src/db/utils/transactional.js": {"path":"/Users/dtelaroli/my/backend-test/api/src/db/utils/transactional.js","statementMap":{"0":{"start":{"line":1,"column":22},"end":{"line":11,"column":1}},"1":{"start":{"line":2,"column":12},"end":{"line":2,"column":41}},"2":{"start":{"line":3,"column":2},"end":{"line":10,"column":3}},"3":{"start":{"line":4,"column":19},"end":{"line":4,"column":36}},"4":{"start":{"line":5,"column":4},"end":{"line":5,"column":15}},"5":{"start":{"line":6,"column":4},"end":{"line":6,"column":18}},"6":{"start":{"line":8,"column":4},"end":{"line":8,"column":23}},"7":{"start":{"line":9,"column":4},"end":{"line":9,"column":12}},"8":{"start":{"line":13,"column":0},"end":{"line":13,"column":31}}},"fnMap":{"0":{"name":"(anonymous_0)","decl":{"start":{"line":1,"column":22},"end":{"line":1,"column":23}},"loc":{"start":{"line":1,"column":54},"end":{"line":11,"column":1}},"line":1}},"branchMap":{},"s":{"0":5,"1":10,"2":10,"3":10,"4":8,"5":8,"6":2,"7":2,"8":5},"f":{"0":10},"b":{},"_coverageSchema":"1a1c01bbd47fc00a2c39e90264f33305004495a9","hash":"26f24ee40787b1f76de068a0f392a2c56e4b0f09"}
,"/Users/dtelaroli/my/backend-test/api/src/resolvers/cart.js": {"path":"/Users/dtelaroli/my/backend-test/api/src/resolvers/cart.js","statementMap":{"0":{"start":{"line":1,"column":20},"end":{"line":1,"column":40}},"1":{"start":{"line":3,"column":17},"end":{"line":18,"column":1}},"2":{"start":{"line":5,"column":30},"end":{"line":5,"column":52}},"3":{"start":{"line":8,"column":28},"end":{"line":8,"column":44}},"4":{"start":{"line":11,"column":48},"end":{"line":11,"column":76}},"5":{"start":{"line":14,"column":55},"end":{"line":14,"column":81}},"6":{"start":{"line":15,"column":58},"end":{"line":15,"column":87}},"7":{"start":{"line":16,"column":58},"end":{"line":16,"column":87}},"8":{"start":{"line":20,"column":0},"end":{"line":20,"column":26}}},"fnMap":{"0":{"name":"(anonymous_0)","decl":{"start":{"line":5,"column":11},"end":{"line":5,"column":12}},"loc":{"start":{"line":5,"column":30},"end":{"line":5,"column":52}},"line":5},"1":{"name":"(anonymous_1)","decl":{"start":{"line":8,"column":9},"end":{"line":8,"column":10}},"loc":{"start":{"line":8,"column":28},"end":{"line":8,"column":44}},"line":8},"2":{"name":"(anonymous_2)","decl":{"start":{"line":11,"column":13},"end":{"line":11,"column":14}},"loc":{"start":{"line":11,"column":48},"end":{"line":11,"column":76}},"line":11},"3":{"name":"(anonymous_3)","decl":{"start":{"line":14,"column":17},"end":{"line":14,"column":18}},"loc":{"start":{"line":14,"column":55},"end":{"line":14,"column":81}},"line":14},"4":{"name":"(anonymous_4)","decl":{"start":{"line":15,"column":20},"end":{"line":15,"column":21}},"loc":{"start":{"line":15,"column":58},"end":{"line":15,"column":87}},"line":15},"5":{"name":"(anonymous_5)","decl":{"start":{"line":16,"column":20},"end":{"line":16,"column":21}},"loc":{"start":{"line":16,"column":58},"end":{"line":16,"column":87}},"line":16}},"branchMap":{},"s":{"0":5,"1":5,"2":5,"3":3,"4":2,"5":1,"6":1,"7":1,"8":5},"f":{"0":5,"1":3,"2":2,"3":1,"4":1,"5":1},"b":{},"_coverageSchema":"1a1c01bbd47fc00a2c39e90264f33305004495a9","hash":"926de0212f0418e1e6cdb322bb39e02658b71551"}
,"/Users/dtelaroli/my/backend-test/api/src/resolvers/index.js": {"path":"/Users/dtelaroli/my/backend-test/api/src/resolvers/index.js","statementMap":{"0":{"start":{"line":1,"column":10},"end":{"line":1,"column":27}},"1":{"start":{"line":2,"column":15},"end":{"line":2,"column":34}},"2":{"start":{"line":3,"column":13},"end":{"line":3,"column":30}},"3":{"start":{"line":4,"column":16},"end":{"line":4,"column":36}},"4":{"start":{"line":5,"column":12},"end":{"line":5,"column":28}},"5":{"start":{"line":7,"column":18},"end":{"line":7,"column":53}},"6":{"start":{"line":9,"column":0},"end":{"line":9,"column":27}}},"fnMap":{},"branchMap":{},"s":{"0":5,"1":5,"2":5,"3":5,"4":5,"5":5,"6":5},"f":{},"b":{},"_coverageSchema":"1a1c01bbd47fc00a2c39e90264f33305004495a9","hash":"f72d3db727013e6162f0085f2b7f6de3f9a073da"}
,"/Users/dtelaroli/my/backend-test/api/src/resolvers/product.js": {"path":"/Users/dtelaroli/my/backend-test/api/src/resolvers/product.js","statementMap":{"0":{"start":{"line":1,"column":17},"end":{"line":13,"column":1}},"1":{"start":{"line":3,"column":29},"end":{"line":3,"column":46}},"2":{"start":{"line":6,"column":48},"end":{"line":6,"column":68}},"3":{"start":{"line":9,"column":57},"end":{"line":9,"column":81}},"4":{"start":{"line":10,"column":57},"end":{"line":10,"column":80}},"5":{"start":{"line":11,"column":54},"end":{"line":11,"column":75}},"6":{"start":{"line":15,"column":0},"end":{"line":15,"column":26}}},"fnMap":{"0":{"name":"(anonymous_0)","decl":{"start":{"line":3,"column":10},"end":{"line":3,"column":11}},"loc":{"start":{"line":3,"column":29},"end":{"line":3,"column":46}},"line":3},"1":{"name":"(anonymous_1)","decl":{"start":{"line":6,"column":18},"end":{"line":6,"column":19}},"loc":{"start":{"line":6,"column":48},"end":{"line":6,"column":68}},"line":6},"2":{"name":"(anonymous_2)","decl":{"start":{"line":9,"column":19},"end":{"line":9,"column":20}},"loc":{"start":{"line":9,"column":57},"end":{"line":9,"column":81}},"line":9},"3":{"name":"(anonymous_3)","decl":{"start":{"line":10,"column":19},"end":{"line":10,"column":20}},"loc":{"start":{"line":10,"column":57},"end":{"line":10,"column":80}},"line":10},"4":{"name":"(anonymous_4)","decl":{"start":{"line":11,"column":19},"end":{"line":11,"column":20}},"loc":{"start":{"line":11,"column":54},"end":{"line":11,"column":75}},"line":11}},"branchMap":{},"s":{"0":5,"1":0,"2":1,"3":1,"4":1,"5":1,"6":5},"f":{"0":0,"1":1,"2":1,"3":1,"4":1},"b":{},"_coverageSchema":"1a1c01bbd47fc00a2c39e90264f33305004495a9","hash":"3def3bbcef960654a728f3a5aaf3b2069e656111"}
,"/Users/dtelaroli/my/backend-test/api/src/resolvers/scalar.js": {"path":"/Users/dtelaroli/my/backend-test/api/src/resolvers/scalar.js","statementMap":{"0":{"start":{"line":1,"column":22},"end":{"line":1,"column":48}},"1":{"start":{"line":3,"column":0},"end":{"line":3,"column":27}}},"fnMap":{},"branchMap":{},"s":{"0":5,"1":5},"f":{},"b":{},"_coverageSchema":"1a1c01bbd47fc00a2c39e90264f33305004495a9","hash":"90163c178527f12224d6ecd82aa967d2a5662fe7"}
,"/Users/dtelaroli/my/backend-test/api/src/resolvers/sku.js": {"path":"/Users/dtelaroli/my/backend-test/api/src/resolvers/sku.js","statementMap":{"0":{"start":{"line":1,"column":17},"end":{"line":10,"column":1}},"1":{"start":{"line":3,"column":32},"end":{"line":3,"column":52}},"2":{"start":{"line":6,"column":53},"end":{"line":6,"column":73}},"3":{"start":{"line":7,"column":53},"end":{"line":7,"column":72}},"4":{"start":{"line":8,"column":50},"end":{"line":8,"column":67}},"5":{"start":{"line":12,"column":0},"end":{"line":12,"column":26}}},"fnMap":{"0":{"name":"(anonymous_0)","decl":{"start":{"line":3,"column":13},"end":{"line":3,"column":14}},"loc":{"start":{"line":3,"column":32},"end":{"line":3,"column":52}},"line":3},"1":{"name":"(anonymous_1)","decl":{"start":{"line":6,"column":15},"end":{"line":6,"column":16}},"loc":{"start":{"line":6,"column":53},"end":{"line":6,"column":73}},"line":6},"2":{"name":"(anonymous_2)","decl":{"start":{"line":7,"column":15},"end":{"line":7,"column":16}},"loc":{"start":{"line":7,"column":53},"end":{"line":7,"column":72}},"line":7},"3":{"name":"(anonymous_3)","decl":{"start":{"line":8,"column":15},"end":{"line":8,"column":16}},"loc":{"start":{"line":8,"column":50},"end":{"line":8,"column":67}},"line":8}},"branchMap":{},"s":{"0":5,"1":2,"2":1,"3":1,"4":1,"5":5},"f":{"0":2,"1":1,"2":1,"3":1},"b":{},"_coverageSchema":"1a1c01bbd47fc00a2c39e90264f33305004495a9","hash":"d31cf6fe14c782c6278049a2718bc95db82c5d0a"}
,"/Users/dtelaroli/my/backend-test/api/src/schema/index.js": {"path":"/Users/dtelaroli/my/backend-test/api/src/schema/index.js","statementMap":{"0":{"start":{"line":1,"column":21},"end":{"line":1,"column":47}},"1":{"start":{"line":2,"column":21},"end":{"line":2,"column":40}},"2":{"start":{"line":3,"column":13},"end":{"line":3,"column":30}},"3":{"start":{"line":5,"column":14},"end":{"line":5,"column":49}},"4":{"start":{"line":7,"column":0},"end":{"line":7,"column":23}}},"fnMap":{},"branchMap":{},"s":{"0":5,"1":5,"2":5,"3":5,"4":5},"f":{},"b":{},"_coverageSchema":"1a1c01bbd47fc00a2c39e90264f33305004495a9","hash":"64c21f3343336bab0661fbaf36aec6e2b82c601b"}
,"/Users/dtelaroli/my/backend-test/api/src/schema/cart/cart-item.js": {"path":"/Users/dtelaroli/my/backend-test/api/src/schema/cart/cart-item.js","statementMap":{"0":{"start":{"line":1,"column":16},"end":{"line":1,"column":45}},"1":{"start":{"line":3,"column":13},"end":{"line":31,"column":1}},"2":{"start":{"line":33,"column":0},"end":{"line":33,"column":22}}},"fnMap":{},"branchMap":{},"s":{"0":5,"1":5,"2":5},"f":{},"b":{},"_coverageSchema":"1a1c01bbd47fc00a2c39e90264f33305004495a9","hash":"acbb729cf4a6352fe70671bbef5b251738c255ce"}
,"/Users/dtelaroli/my/backend-test/api/src/schema/cart/cart.js": {"path":"/Users/dtelaroli/my/backend-test/api/src/schema/cart/cart.js","statementMap":{"0":{"start":{"line":1,"column":16},"end":{"line":1,"column":45}},"1":{"start":{"line":3,"column":13},"end":{"line":24,"column":1}},"2":{"start":{"line":26,"column":0},"end":{"line":26,"column":22}}},"fnMap":{},"branchMap":{},"s":{"0":5,"1":5,"2":5},"f":{},"b":{},"_coverageSchema":"1a1c01bbd47fc00a2c39e90264f33305004495a9","hash":"48f5f5ee3c466c5de97273635e9151a2567fa10a"}
,"/Users/dtelaroli/my/backend-test/api/src/schema/cart/index.js": {"path":"/Users/dtelaroli/my/backend-test/api/src/schema/cart/index.js","statementMap":{"0":{"start":{"line":1,"column":13},"end":{"line":1,"column":30}},"1":{"start":{"line":2,"column":17},"end":{"line":2,"column":39}},"2":{"start":{"line":3,"column":16},"end":{"line":3,"column":36}},"3":{"start":{"line":4,"column":12},"end":{"line":4,"column":28}},"4":{"start":{"line":6,"column":0},"end":{"line":6,"column":48}}},"fnMap":{},"branchMap":{},"s":{"0":5,"1":5,"2":5,"3":5,"4":5},"f":{},"b":{},"_coverageSchema":"1a1c01bbd47fc00a2c39e90264f33305004495a9","hash":"b0cb4939848ac666a2a9c686fcfd00d10ca0a095"}
,"/Users/dtelaroli/my/backend-test/api/src/schema/cart/product.js": {"path":"/Users/dtelaroli/my/backend-test/api/src/schema/cart/product.js","statementMap":{"0":{"start":{"line":1,"column":16},"end":{"line":1,"column":45}},"1":{"start":{"line":3,"column":13},"end":{"line":38,"column":1}},"2":{"start":{"line":40,"column":0},"end":{"line":40,"column":22}}},"fnMap":{},"branchMap":{},"s":{"0":5,"1":5,"2":5},"f":{},"b":{},"_coverageSchema":"1a1c01bbd47fc00a2c39e90264f33305004495a9","hash":"30e48fadb284582b18f4c5eac82d8b8f00c4b517"}
,"/Users/dtelaroli/my/backend-test/api/src/schema/cart/sku.js": {"path":"/Users/dtelaroli/my/backend-test/api/src/schema/cart/sku.js","statementMap":{"0":{"start":{"line":1,"column":16},"end":{"line":1,"column":45}},"1":{"start":{"line":3,"column":13},"end":{"line":39,"column":1}},"2":{"start":{"line":41,"column":0},"end":{"line":41,"column":22}}},"fnMap":{},"branchMap":{},"s":{"0":5,"1":5,"2":5},"f":{},"b":{},"_coverageSchema":"1a1c01bbd47fc00a2c39e90264f33305004495a9","hash":"4c3398d808218cba7c3bb6f32c52b9437c36b60b"}
,"/Users/dtelaroli/my/backend-test/api/src/schema/global/index.js": {"path":"/Users/dtelaroli/my/backend-test/api/src/schema/global/index.js","statementMap":{"0":{"start":{"line":1,"column":16},"end":{"line":1,"column":45}},"1":{"start":{"line":3,"column":13},"end":{"line":15,"column":1}},"2":{"start":{"line":17,"column":0},"end":{"line":17,"column":24}}},"fnMap":{},"branchMap":{},"s":{"0":5,"1":5,"2":5},"f":{},"b":{},"_coverageSchema":"1a1c01bbd47fc00a2c39e90264f33305004495a9","hash":"c8fce4b0e79db842b1b57c0d673bffdad3000b0d"}
,"/Users/dtelaroli/my/backend-test/api/src/utils/index.js": {"path":"/Users/dtelaroli/my/backend-test/api/src/utils/index.js","statementMap":{"0":{"start":{"line":1,"column":15},"end":{"line":1,"column":34}},"1":{"start":{"line":3,"column":0},"end":{"line":3,"column":28}}},"fnMap":{},"branchMap":{},"s":{"0":5,"1":5},"f":{},"b":{},"_coverageSchema":"1a1c01bbd47fc00a2c39e90264f33305004495a9","hash":"b76363ec8c94bb927c5789a7938fda80c8e115bb"}
,"/Users/dtelaroli/my/backend-test/api/src/utils/logger.js": {"path":"/Users/dtelaroli/my/backend-test/api/src/utils/logger.js","statementMap":{"0":{"start":{"line":1,"column":13},"end":{"line":1,"column":28}},"1":{"start":{"line":2,"column":26},"end":{"line":2,"column":37}},"2":{"start":{"line":3,"column":14},"end":{"line":3,"column":49}},"3":{"start":{"line":5,"column":15},"end":{"line":5,"column":30}},"4":{"start":{"line":7,"column":0},"end":{"line":7,"column":24}}},"fnMap":{},"branchMap":{"0":{"loc":{"start":{"line":2,"column":8},"end":{"line":2,"column":21}},"type":"default-arg","locations":[{"start":{"line":2,"column":16},"end":{"line":2,"column":21}}],"line":2},"1":{"loc":{"start":{"line":3,"column":14},"end":{"line":3,"column":49}},"type":"cond-expr","locations":[{"start":{"line":3,"column":33},"end":{"line":3,"column":40}},{"start":{"line":3,"column":43},"end":{"line":3,"column":49}}],"line":3}},"s":{"0":5,"1":5,"2":5,"3":5,"4":5},"f":{},"b":{"0":[5],"1":[0,5]},"_coverageSchema":"1a1c01bbd47fc00a2c39e90264f33305004495a9","hash":"88313b9f9ffbd1ec4a223ef82f83bcc64d59826a"}
}
