TN:
SF:__tests__/helpers/exec.js
FN:6,(anonymous_0)
FNF:1
FNH:1
FNDA:52,(anonymous_0)
DA:1,5
DA:3,5
DA:4,5
DA:6,5
DA:7,52
DA:8,52
DA:9,0
DA:13,5
LF:8
LH:7
BRDA:8,0,0,0
BRDA:8,0,1,52
BRF:2
BRH:1
end_of_record
TN:
SF:__tests__/helpers/gql-client.js
FNF:0
FNH:0
DA:1,5
DA:2,5
DA:3,5
DA:5,5
DA:6,5
DA:8,5
LF:6
LH:6
BRF:0
BRH:0
end_of_record
TN:
SF:__tests__/helpers/index.js
FNF:0
FNH:0
DA:1,5
DA:2,5
DA:3,5
DA:5,5
LF:4
LH:4
BRF:0
BRH:0
end_of_record
TN:
SF:__tests__/helpers/migrate.js
FN:4,(anonymous_0)
FNF:1
FNH:1
FNDA:5,(anonymous_0)
DA:1,5
DA:2,5
DA:4,5
DA:5,5
DA:6,5
DA:9,5
LF:6
LH:6
BRF:0
BRH:0
end_of_record
TN:
SF:__tests__/helpers/seed.js
FN:3,(anonymous_0)
FNF:1
FNH:1
FNDA:21,(anonymous_0)
DA:1,5
DA:3,5
DA:4,21
DA:6,21
DA:7,21
DA:9,0
DA:13,5
LF:7
LH:6
BRDA:6,0,0,21
BRDA:6,0,1,0
BRF:2
BRH:1
end_of_record
TN:
SF:__tests__/schema/graphql/index.js
FNF:0
FNH:0
DA:1,4
DA:2,4
DA:4,4
LF:3
LH:3
BRF:0
BRH:0
end_of_record
TN:
SF:__tests__/schema/graphql/mutations.js
FNF:0
FNH:0
DA:1,4
DA:3,4
DA:13,4
DA:23,4
DA:31,4
DA:45,4
DA:59,4
DA:67,4
DA:89,4
DA:111,4
DA:133,4
LF:11
LH:11
BRF:0
BRH:0
end_of_record
TN:
SF:__tests__/schema/graphql/queries.js
FNF:0
FNH:0
DA:1,4
DA:3,4
DA:26,4
DA:36,4
LF:4
LH:4
BRF:0
BRH:0
end_of_record
TN:
SF:config/gql.js
FN:17,(anonymous_0)
FN:28,(anonymous_1)
FNF:2
FNH:1
FNDA:12,(anonymous_0)
FNDA:0,(anonymous_1)
DA:1,5
DA:2,5
DA:3,5
DA:4,5
DA:5,5
DA:6,5
DA:7,5
DA:9,5
DA:18,12
DA:29,0
DA:30,0
DA:50,5
LF:12
LH:10
BRDA:6,0,0,5
BRF:1
BRH:1
end_of_record
TN:
SF:config/index.js
FNF:0
FNH:0
DA:1,5
DA:3,5
LF:2
LH:2
BRF:0
BRH:0
end_of_record
TN:
SF:db/config/index.js
FN:10,(anonymous_0)
FNF:1
FNH:0
FNDA:0,(anonymous_0)
DA:1,5
DA:2,5
DA:4,5
DA:10,0
DA:13,5
DA:22,5
LF:6
LH:5
BRF:0
BRH:0
end_of_record
TN:
SF:db/dao/index.js
FNF:0
FNH:0
DA:1,5
DA:3,5
LF:2
LH:2
BRF:0
BRH:0
end_of_record
TN:
SF:db/dao/cart/index.js
FN:4,(anonymous_0)
FN:16,(anonymous_1)
FN:17,(anonymous_2)
FNF:3
FNH:3
FNDA:4,(anonymous_0)
FNDA:15,(anonymous_1)
FNDA:10,(anonymous_2)
DA:1,5
DA:2,5
DA:4,5
DA:5,4
DA:7,4
DA:8,2
DA:11,2
DA:14,5
DA:16,5
DA:17,15
DA:20,5
LF:11
LH:11
BRDA:7,0,0,2
BRDA:7,0,1,2
BRF:2
BRH:2
end_of_record
TN:
SF:db/dao/cart/operation.js
FN:4,(anonymous_0)
FN:5,(anonymous_1)
FN:31,(anonymous_2)
FNF:3
FNH:3
FNDA:10,(anonymous_0)
FNDA:10,(anonymous_1)
FNDA:9,(anonymous_2)
DA:1,5
DA:2,5
DA:4,5
DA:5,10
DA:6,10
DA:13,10
DA:15,10
DA:16,7
DA:18,3
DA:19,3
DA:20,3
DA:28,8
DA:29,8
DA:30,8
DA:31,9
DA:38,8
DA:42,5
LF:17
LH:17
BRDA:15,0,0,7
BRDA:15,0,1,3
BRDA:18,1,0,0
BRDA:18,1,1,3
BRF:4
BRH:3
end_of_record
TN:
SF:db/dao/cart/operations/add.js
FN:3,(anonymous_0)
FNF:1
FNH:1
FNDA:2,(anonymous_0)
DA:1,5
DA:3,5
DA:4,2
DA:5,1
DA:7,1
DA:8,1
DA:14,5
LF:7
LH:7
BRDA:4,0,0,1
BRDA:4,0,1,1
BRF:2
BRH:2
end_of_record
TN:
SF:db/dao/cart/operations/delete.js
FN:1,(anonymous_0)
FNF:1
FNH:1
FNDA:2,(anonymous_0)
DA:1,5
DA:2,2
DA:3,2
DA:6,5
LF:4
LH:4
BRF:0
BRH:0
end_of_record
TN:
SF:db/dao/cart/operations/index.js
FNF:0
FNH:0
DA:1,5
DA:2,5
DA:3,5
DA:5,5
LF:4
LH:4
BRF:0
BRH:0
end_of_record
TN:
SF:db/dao/cart/operations/update.js
FN:3,(anonymous_0)
FNF:1
FNH:1
FNDA:3,(anonymous_0)
DA:1,5
DA:3,5
DA:4,3
DA:6,2
DA:12,5
LF:5
LH:5
BRDA:4,0,0,1
BRDA:4,0,1,2
BRF:2
BRH:2
end_of_record
TN:
SF:db/models/cart-item.js
FN:3,(anonymous_0)
FN:10,(anonymous_1)
FNF:2
FNH:2
FNDA:5,(anonymous_0)
FNDA:5,(anonymous_1)
DA:2,5
DA:3,5
DA:12,5
DA:13,5
DA:16,5
DA:33,5
LF:6
LH:6
BRF:0
BRH:0
end_of_record
TN:
SF:db/models/cart.js
FN:3,(anonymous_0)
FN:10,(anonymous_1)
FNF:2
FNH:2
FNDA:5,(anonymous_0)
FNDA:5,(anonymous_1)
DA:2,5
DA:3,5
DA:12,5
DA:15,5
DA:30,5
LF:5
LH:5
BRF:0
BRH:0
end_of_record
TN:
SF:db/models/index.js
FN:12,(anonymous_0)
FN:18,(anonymous_1)
FN:21,(anonymous_2)
FN:26,(anonymous_3)
FNF:4
FNH:3
FNDA:0,(anonymous_0)
FNDA:25,(anonymous_1)
FNDA:20,(anonymous_2)
FNDA:20,(anonymous_3)
DA:3,5
DA:4,5
DA:5,5
DA:6,5
DA:7,5
DA:8,5
DA:9,5
DA:12,5
DA:13,0
DA:16,5
DA:17,5
DA:19,25
DA:22,20
DA:23,20
DA:26,5
DA:27,20
DA:28,20
DA:32,5
DA:33,5
DA:35,5
LF:20
LH:19
BRDA:7,0,0,5
BRDA:7,0,1,0
BRDA:19,1,0,25
BRDA:19,1,1,25
BRDA:19,1,2,20
BRDA:27,2,0,20
BRDA:27,2,1,0
BRF:7
BRH:5
end_of_record
TN:
SF:db/models/product.js
FN:3,(anonymous_0)
FN:10,(anonymous_1)
FN:17,(anonymous_2)
FN:26,(anonymous_3)
FNF:4
FNH:4
FNDA:5,(anonymous_0)
FNDA:5,(anonymous_1)
FNDA:1,(anonymous_2)
FNDA:1,(anonymous_3)
DA:2,5
DA:3,5
DA:12,5
DA:18,1
DA:23,1
DA:27,1
DA:32,1
DA:35,5
DA:50,5
LF:9
LH:9
BRF:0
BRH:0
end_of_record
TN:
SF:db/models/sku.js
FN:3,(anonymous_0)
FN:10,(anonymous_1)
FN:15,(anonymous_2)
FN:24,(anonymous_3)
FNF:4
FNH:4
FNDA:5,(anonymous_0)
FNDA:5,(anonymous_1)
FNDA:1,(anonymous_2)
FNDA:1,(anonymous_3)
DA:2,5
DA:3,5
DA:12,5
DA:16,1
DA:21,1
DA:25,1
DA:30,1
DA:33,5
DA:50,5
LF:9
LH:9
BRF:0
BRH:0
end_of_record
TN:
SF:db/seeders/20200919151449-cart.js
FN:9,(anonymous_0)
FN:13,(anonymous_1)
FNF:2
FNH:0
FNDA:0,(anonymous_0)
FNDA:0,(anonymous_1)
DA:3,1
DA:5,1
DA:7,1
DA:10,0
DA:14,0
LF:5
LH:3
BRF:0
BRH:0
end_of_record
TN:
SF:db/seeders/20200922000936-cart-item.js
FN:22,(anonymous_0)
FN:29,(anonymous_1)
FNF:2
FNH:0
FNDA:0,(anonymous_0)
FNDA:0,(anonymous_1)
DA:3,1
DA:5,1
DA:6,1
DA:7,1
DA:8,1
DA:9,1
DA:10,1
DA:11,1
DA:12,1
DA:14,1
DA:23,0
DA:24,0
DA:25,0
DA:26,0
DA:30,0
DA:31,0
DA:32,0
DA:33,0
LF:18
LH:10
BRF:0
BRH:0
end_of_record
TN:
SF:db/seeders/20200922001324-cart-dao.js
FN:26,(anonymous_0)
FN:33,(anonymous_1)
FNF:2
FNH:0
FNDA:0,(anonymous_0)
FNDA:0,(anonymous_1)
DA:3,1
DA:5,1
DA:6,1
DA:7,1
DA:8,1
DA:9,1
DA:10,1
DA:11,1
DA:12,1
DA:13,1
DA:14,1
DA:16,1
DA:27,0
DA:28,0
DA:29,0
DA:30,0
DA:34,0
DA:35,0
DA:36,0
DA:37,0
LF:20
LH:12
BRF:0
BRH:0
end_of_record
TN:
SF:db/seeders/20200923032202-sku.js
FN:15,(anonymous_0)
FN:20,(anonymous_1)
FNF:2
FNH:0
FNDA:0,(anonymous_0)
FNDA:0,(anonymous_1)
DA:3,1
DA:5,1
DA:6,1
DA:7,1
DA:8,1
DA:10,1
DA:16,0
DA:17,0
DA:21,0
DA:22,0
LF:10
LH:6
BRF:0
BRH:0
end_of_record
TN:
SF:db/seeders/20200923034056-product.js
FN:13,(anonymous_0)
FN:17,(anonymous_1)
FNF:2
FNH:0
FNDA:0,(anonymous_0)
FNDA:0,(anonymous_1)
DA:3,1
DA:5,1
DA:6,1
DA:7,1
DA:9,1
DA:14,0
DA:18,0
LF:7
LH:5
BRF:0
BRH:0
end_of_record
TN:
SF:db/seeders/consts/index.js
FN:3,(anonymous_0)
FN:11,(anonymous_1)
FN:19,(anonymous_2)
FN:27,(anonymous_3)
FN:37,(anonymous_4)
FNF:5
FNH:5
FNDA:1,(anonymous_0)
FNDA:6,(anonymous_1)
FNDA:6,(anonymous_2)
FNDA:8,(anonymous_3)
FNDA:5,(anonymous_4)
DA:1,5
DA:3,5
DA:11,6
DA:19,6
DA:27,8
DA:37,5
DA:47,5
LF:7
LH:7
BRDA:3,0,0,1
BRDA:11,1,0,1
BRDA:11,2,0,6
BRDA:11,3,0,6
BRDA:19,4,0,1
BRDA:27,5,0,1
BRDA:27,6,0,3
BRDA:27,7,0,8
BRDA:37,8,0,1
BRDA:37,9,0,2
BRDA:37,10,0,1
BRDA:37,11,0,3
BRDA:37,12,0,1
BRF:13
BRH:13
end_of_record
TN:
SF:db/utils/index.js
FNF:0
FNH:0
DA:1,5
DA:3,5
LF:2
LH:2
BRF:0
BRH:0
end_of_record
TN:
SF:db/utils/transactional.js
FN:1,(anonymous_0)
FNF:1
FNH:1
FNDA:10,(anonymous_0)
DA:1,5
DA:2,10
DA:3,10
DA:4,10
DA:5,8
DA:6,8
DA:8,2
DA:9,2
DA:13,5
LF:9
LH:9
BRF:0
BRH:0
end_of_record
TN:
SF:resolvers/cart.js
FN:5,(anonymous_0)
FN:8,(anonymous_1)
FN:11,(anonymous_2)
FN:14,(anonymous_3)
FN:15,(anonymous_4)
FN:16,(anonymous_5)
FNF:6
FNH:6
FNDA:5,(anonymous_0)
FNDA:3,(anonymous_1)
FNDA:2,(anonymous_2)
FNDA:1,(anonymous_3)
FNDA:1,(anonymous_4)
FNDA:1,(anonymous_5)
DA:1,5
DA:3,5
DA:5,5
DA:8,3
DA:11,2
DA:14,1
DA:15,1
DA:16,1
DA:20,5
LF:9
LH:9
BRF:0
BRH:0
end_of_record
TN:
SF:resolvers/index.js
FNF:0
FNH:0
DA:1,5
DA:2,5
DA:3,5
DA:4,5
DA:5,5
DA:7,5
DA:9,5
LF:7
LH:7
BRF:0
BRH:0
end_of_record
TN:
SF:resolvers/product.js
FN:3,(anonymous_0)
FN:6,(anonymous_1)
FN:9,(anonymous_2)
FN:10,(anonymous_3)
FN:11,(anonymous_4)
FNF:5
FNH:4
FNDA:0,(anonymous_0)
FNDA:1,(anonymous_1)
FNDA:1,(anonymous_2)
FNDA:1,(anonymous_3)
FNDA:1,(anonymous_4)
DA:1,5
DA:3,0
DA:6,1
DA:9,1
DA:10,1
DA:11,1
DA:15,5
LF:7
LH:6
BRF:0
BRH:0
end_of_record
TN:
SF:resolvers/scalar.js
FNF:0
FNH:0
DA:1,5
DA:3,5
LF:2
LH:2
BRF:0
BRH:0
end_of_record
TN:
SF:resolvers/sku.js
FN:3,(anonymous_0)
FN:6,(anonymous_1)
FN:7,(anonymous_2)
FN:8,(anonymous_3)
FNF:4
FNH:4
FNDA:2,(anonymous_0)
FNDA:1,(anonymous_1)
FNDA:1,(anonymous_2)
FNDA:1,(anonymous_3)
DA:1,5
DA:3,2
DA:6,1
DA:7,1
DA:8,1
DA:12,5
LF:6
LH:6
BRF:0
BRH:0
end_of_record
TN:
SF:schema/index.js
FNF:0
FNH:0
DA:1,5
DA:2,5
DA:3,5
DA:5,5
DA:7,5
LF:5
LH:5
BRF:0
BRH:0
end_of_record
TN:
SF:schema/cart/cart-item.js
FNF:0
FNH:0
DA:1,5
DA:3,5
DA:33,5
LF:3
LH:3
BRF:0
BRH:0
end_of_record
TN:
SF:schema/cart/cart.js
FNF:0
FNH:0
DA:1,5
DA:3,5
DA:26,5
LF:3
LH:3
BRF:0
BRH:0
end_of_record
TN:
SF:schema/cart/index.js
FNF:0
FNH:0
DA:1,5
DA:2,5
DA:3,5
DA:4,5
DA:6,5
LF:5
LH:5
BRF:0
BRH:0
end_of_record
TN:
SF:schema/cart/product.js
FNF:0
FNH:0
DA:1,5
DA:3,5
DA:40,5
LF:3
LH:3
BRF:0
BRH:0
end_of_record
TN:
SF:schema/cart/sku.js
FNF:0
FNH:0
DA:1,5
DA:3,5
DA:41,5
LF:3
LH:3
BRF:0
BRH:0
end_of_record
TN:
SF:schema/global/index.js
FNF:0
FNH:0
DA:1,5
DA:3,5
DA:17,5
LF:3
LH:3
BRF:0
BRH:0
end_of_record
TN:
SF:utils/index.js
FNF:0
FNH:0
DA:1,5
DA:3,5
LF:2
LH:2
BRF:0
BRH:0
end_of_record
TN:
SF:utils/logger.js
FNF:0
FNH:0
DA:1,5
DA:2,5
DA:3,5
DA:5,5
DA:7,5
LF:5
LH:5
BRDA:2,0,0,5
BRDA:3,1,0,0
BRDA:3,1,1,5
BRF:3
BRH:2
end_of_record
